INFO 2025-03-20 01:55:46,635 autoreload Watching for file changes with StatReloader
INFO 2025-03-20 01:55:49,376 autoreload D:\Code_Projects\Python\pomodoro-todolist\backend\pomodoro_api\settings.py changed, reloading.
INFO 2025-03-20 01:55:49,922 autoreload Watching for file changes with StatReloader
INFO 2025-03-20 01:56:10,095 autoreload D:\Code_Projects\Python\pomodoro-todolist\backend\pomodoro_api\routers\auth.py changed, reloading.
INFO 2025-03-20 01:56:10,634 autoreload Watching for file changes with StatReloader
INFO 2025-03-20 01:56:36,219 autoreload Watching for file changes with StatReloader
INFO 2025-03-20 01:56:54,570 autoreload Watching for file changes with StatReloader
INFO 2025-03-20 01:57:17,916 autoreload Watching for file changes with StatReloader
INFO 2025-03-20 01:57:26,315 autoreload Watching for file changes with StatReloader
INFO 2025-03-20 01:57:35,383 basehttp "GET /api/health-check HTTP/1.1" 200 45
ERROR 2025-03-20 01:57:37,416 errors unhashable type: 'dict'
Traceback (most recent call last):
  File "D:\Code_Projects\Python\pomodoro-todolist\backend\.venv\Lib\site-packages\ninja\operation.py", line 121, in run
    return self._result_to_response(request, result, temporal_response)
           ~~~~~~~~~~~~~~~~~~~~~~~~^^^^^^^^^^^^^^^^^^^^^^^^^^^^^^^^^^^^
  File "D:\Code_Projects\Python\pomodoro-todolist\backend\.venv\Lib\site-packages\ninja\operation.py", line 237, in _result_to_response
    if status in self.response_models:
       ^^^^^^^^^^^^^^^^^^^^^^^^^^^^^^
TypeError: unhashable type: 'dict'
ERROR 2025-03-20 01:57:37,418 log Internal Server Error: /api/auth/register
ERROR 2025-03-20 01:57:37,419 basehttp "POST /api/auth/register HTTP/1.1" 500 547
INFO 2025-03-20 01:57:40,434 basehttp "POST /api/auth/login HTTP/1.1" 200 232
ERROR 2025-03-20 01:57:42,448 errors 'WSGIRequest' object has no attribute 'auth'
Traceback (most recent call last):
  File "D:\Code_Projects\Python\pomodoro-todolist\backend\.venv\Lib\site-packages\ninja\operation.py", line 120, in run
    result = self.view_func(request, **values)
  File "D:\Code_Projects\Python\pomodoro-todolist\backend\pomodoro_api\routers\auth.py", line 131, in get_user
    user_id = request.auth
              ^^^^^^^^^^^^
AttributeError: 'WSGIRequest' object has no attribute 'auth'
ERROR 2025-03-20 01:57:42,450 log Internal Server Error: /api/auth/user
ERROR 2025-03-20 01:57:42,450 basehttp "GET /api/auth/user HTTP/1.1" 500 428
INFO 2025-03-20 01:58:51,657 autoreload D:\Code_Projects\Python\pomodoro-todolist\backend\pomodoro_api\api.py changed, reloading.
INFO 2025-03-20 01:58:52,224 autoreload Watching for file changes with StatReloader
INFO 2025-03-20 01:58:55,972 autoreload D:\Code_Projects\Python\pomodoro-todolist\backend\pomodoro_api\api.py changed, reloading.
INFO 2025-03-20 01:58:56,565 autoreload Watching for file changes with StatReloader
INFO 2025-03-20 01:59:19,751 autoreload D:\Code_Projects\Python\pomodoro-todolist\backend\pomodoro_api\api.py changed, reloading.
INFO 2025-03-20 01:59:20,584 autoreload Watching for file changes with StatReloader
INFO 2025-03-20 02:00:46,716 autoreload D:\Code_Projects\Python\pomodoro-todolist\backend\pomodoro_api\settings.py changed, reloading.
INFO 2025-03-20 02:00:47,278 autoreload Watching for file changes with StatReloader
INFO 2025-03-20 02:00:53,058 autoreload D:\Code_Projects\Python\pomodoro-todolist\backend\pomodoro_api\settings.py changed, reloading.
INFO 2025-03-20 02:00:53,616 autoreload Watching for file changes with StatReloader
INFO 2025-03-20 02:01:07,725 autoreload D:\Code_Projects\Python\pomodoro-todolist\backend\pomodoro_api\routers\auth.py changed, reloading.
INFO 2025-03-20 02:01:08,300 autoreload Watching for file changes with StatReloader
INFO 2025-03-20 02:01:33,577 autoreload D:\Code_Projects\Python\pomodoro-todolist\backend\pomodoro_api\api.py changed, reloading.
INFO 2025-03-20 02:01:34,133 autoreload Watching for file changes with StatReloader
INFO 2025-03-20 02:02:34,510 autoreload D:\Code_Projects\Python\pomodoro-todolist\backend\pomodoro_api\api.py changed, reloading.
INFO 2025-03-20 02:02:35,137 autoreload Watching for file changes with StatReloader
INFO 2025-03-20 02:02:50,605 autoreload Watching for file changes with StatReloader
INFO 2025-03-20 02:02:57,806 basehttp "GET /api/health-check HTTP/1.1" 200 45
WARNING 2025-03-20 02:02:59,825 log Unauthorized: /api/auth/register
WARNING 2025-03-20 02:02:59,825 basehttp "POST /api/auth/register HTTP/1.1" 401 26
WARNING 2025-03-20 02:03:01,855 log Unauthorized: /api/auth/login
WARNING 2025-03-20 02:03:01,856 basehttp "POST /api/auth/login HTTP/1.1" 401 26
INFO 2025-03-20 02:04:09,496 autoreload D:\Code_Projects\Python\pomodoro-todolist\backend\pomodoro_api\api.py changed, reloading.
INFO 2025-03-20 02:04:10,038 autoreload Watching for file changes with StatReloader
INFO 2025-03-20 02:04:30,410 autoreload Watching for file changes with StatReloader
INFO 2025-03-20 02:04:39,706 basehttp "GET /api/health-check HTTP/1.1" 200 45
DEBUG 2025-03-20 02:04:41,731 auth Register attempt for username: testuser
WARNING 2025-03-20 02:04:41,733 auth Username already exists: testuser
ERROR 2025-03-20 02:04:41,733 api Unhandled exception: unhashable type: 'dict'
Traceback (most recent call last):
  File "D:\Code_Projects\Python\pomodoro-todolist\backend\.venv\Lib\site-packages\ninja\operation.py", line 121, in run
    return self._result_to_response(request, result, temporal_response)
           ~~~~~~~~~~~~~~~~~~~~~~~~^^^^^^^^^^^^^^^^^^^^^^^^^^^^^^^^^^^^
  File "D:\Code_Projects\Python\pomodoro-todolist\backend\.venv\Lib\site-packages\ninja\operation.py", line 237, in _result_to_response
    if status in self.response_models:
       ^^^^^^^^^^^^^^^^^^^^^^^^^^^^^^
TypeError: unhashable type: 'dict'
ERROR 2025-03-20 02:04:41,734 log Internal Server Error: /api/auth/register
ERROR 2025-03-20 02:04:41,735 basehttp "POST /api/auth/register HTTP/1.1" 500 81
DEBUG 2025-03-20 02:04:43,756 auth Login attempt for username: testuser
INFO 2025-03-20 02:04:44,750 auth User logged in successfully: 1
INFO 2025-03-20 02:04:44,751 basehttp "POST /api/auth/login HTTP/1.1" 200 232
ERROR 2025-03-20 02:04:48,777 api Unhandled exception: 'WSGIRequest' object has no attribute 'auth'
Traceback (most recent call last):
  File "D:\Code_Projects\Python\pomodoro-todolist\backend\.venv\Lib\site-packages\ninja\operation.py", line 120, in run
    result = self.view_func(request, **values)
  File "D:\Code_Projects\Python\pomodoro-todolist\backend\pomodoro_api\routers\auth.py", line 152, in get_user
    logger.debug(f"Get user profile, auth: {request.auth}, user_id param: {user_id}")
                                            ^^^^^^^^^^^^
AttributeError: 'WSGIRequest' object has no attribute 'auth'
ERROR 2025-03-20 02:04:48,779 log Internal Server Error: /api/auth/user
ERROR 2025-03-20 02:04:48,779 basehttp "GET /api/auth/user HTTP/1.1" 500 102
DEBUG 2025-03-20 02:04:51,800 api Authenticating token: eyJhbGciOi...
DEBUG 2025-03-20 02:04:51,801 api Authentication successful for user_id: 1
INFO 2025-03-20 02:04:51,806 basehttp "POST /api/tasks/categories/ HTTP/1.1" 200 58
DEBUG 2025-03-20 02:04:54,818 api Authenticating token: eyJhbGciOi...
DEBUG 2025-03-20 02:04:54,818 api Authentication successful for user_id: 1
ERROR 2025-03-20 02:04:54,826 api Unhandled exception: 2 validation errors for NinjaResponseSchema
response.created_at
  Datetimes provided to dates should have zero time - e.g. be exact dates [type=date_from_datetime_inexact, input_value=datetime.datetime(2025, 3...o=datetime.timezone.utc), input_type=datetime]
    For further information visit https://errors.pydantic.dev/2.10/v/date_from_datetime_inexact
response.updated_at
  Datetimes provided to dates should have zero time - e.g. be exact dates [type=date_from_datetime_inexact, input_value=datetime.datetime(2025, 3...o=datetime.timezone.utc), input_type=datetime]
    For further information visit https://errors.pydantic.dev/2.10/v/date_from_datetime_inexact
Traceback (most recent call last):
  File "D:\Code_Projects\Python\pomodoro-todolist\backend\.venv\Lib\site-packages\ninja\operation.py", line 121, in run
    return self._result_to_response(request, result, temporal_response)
           ~~~~~~~~~~~~~~~~~~~~~~~~^^^^^^^^^^^^^^^^^^^^^^^^^^^^^^^^^^^^
  File "D:\Code_Projects\Python\pomodoro-todolist\backend\.venv\Lib\site-packages\ninja\operation.py", line 260, in _result_to_response
    validated_object = response_model.model_validate(
        resp_object, context={"request": request, "response_status": status}
    )
  File "D:\Code_Projects\Python\pomodoro-todolist\backend\.venv\Lib\site-packages\pydantic\main.py", line 627, in model_validate
    return cls.__pydantic_validator__.validate_python(
           ~~~~~~~~~~~~~~~~~~~~~~~~~~~~~~~~~~~~~~~~~~^
        obj, strict=strict, from_attributes=from_attributes, context=context
        ^^^^^^^^^^^^^^^^^^^^^^^^^^^^^^^^^^^^^^^^^^^^^^^^^^^^^^^^^^^^^^^^^^^^
    )
    ^
pydantic_core._pydantic_core.ValidationError: 2 validation errors for NinjaResponseSchema
response.created_at
  Datetimes provided to dates should have zero time - e.g. be exact dates [type=date_from_datetime_inexact, input_value=datetime.datetime(2025, 3...o=datetime.timezone.utc), input_type=datetime]
    For further information visit https://errors.pydantic.dev/2.10/v/date_from_datetime_inexact
response.updated_at
  Datetimes provided to dates should have zero time - e.g. be exact dates [type=date_from_datetime_inexact, input_value=datetime.datetime(2025, 3...o=datetime.timezone.utc), input_type=datetime]
    For further information visit https://errors.pydantic.dev/2.10/v/date_from_datetime_inexact
ERROR 2025-03-20 02:04:54,827 log Internal Server Error: /api/tasks/
ERROR 2025-03-20 02:04:54,828 basehttp "POST /api/tasks/ HTTP/1.1" 500 729
DEBUG 2025-03-20 02:04:57,853 api Authenticating token: eyJhbGciOi...
DEBUG 2025-03-20 02:04:57,853 api Authentication successful for user_id: 1
ERROR 2025-03-20 02:04:57,859 api Unhandled exception: 2 validation errors for NinjaResponseSchema
response.0.created_at
  Datetimes provided to dates should have zero time - e.g. be exact dates [type=date_from_datetime_inexact, input_value=datetime.datetime(2025, 3...o=datetime.timezone.utc), input_type=datetime]
    For further information visit https://errors.pydantic.dev/2.10/v/date_from_datetime_inexact
response.0.updated_at
  Datetimes provided to dates should have zero time - e.g. be exact dates [type=date_from_datetime_inexact, input_value=datetime.datetime(2025, 3...o=datetime.timezone.utc), input_type=datetime]
    For further information visit https://errors.pydantic.dev/2.10/v/date_from_datetime_inexact
Traceback (most recent call last):
  File "D:\Code_Projects\Python\pomodoro-todolist\backend\.venv\Lib\site-packages\ninja\operation.py", line 121, in run
    return self._result_to_response(request, result, temporal_response)
           ~~~~~~~~~~~~~~~~~~~~~~~~^^^^^^^^^^^^^^^^^^^^^^^^^^^^^^^^^^^^
  File "D:\Code_Projects\Python\pomodoro-todolist\backend\.venv\Lib\site-packages\ninja\operation.py", line 260, in _result_to_response
    validated_object = response_model.model_validate(
        resp_object, context={"request": request, "response_status": status}
    )
  File "D:\Code_Projects\Python\pomodoro-todolist\backend\.venv\Lib\site-packages\pydantic\main.py", line 627, in model_validate
    return cls.__pydantic_validator__.validate_python(
           ~~~~~~~~~~~~~~~~~~~~~~~~~~~~~~~~~~~~~~~~~~^
        obj, strict=strict, from_attributes=from_attributes, context=context
        ^^^^^^^^^^^^^^^^^^^^^^^^^^^^^^^^^^^^^^^^^^^^^^^^^^^^^^^^^^^^^^^^^^^^
    )
    ^
pydantic_core._pydantic_core.ValidationError: 2 validation errors for NinjaResponseSchema
response.0.created_at
  Datetimes provided to dates should have zero time - e.g. be exact dates [type=date_from_datetime_inexact, input_value=datetime.datetime(2025, 3...o=datetime.timezone.utc), input_type=datetime]
    For further information visit https://errors.pydantic.dev/2.10/v/date_from_datetime_inexact
response.0.updated_at
  Datetimes provided to dates should have zero time - e.g. be exact dates [type=date_from_datetime_inexact, input_value=datetime.datetime(2025, 3...o=datetime.timezone.utc), input_type=datetime]
    For further information visit https://errors.pydantic.dev/2.10/v/date_from_datetime_inexact
ERROR 2025-03-20 02:04:57,860 log Internal Server Error: /api/tasks/
ERROR 2025-03-20 02:04:57,861 basehttp "GET /api/tasks/ HTTP/1.1" 500 733
DEBUG 2025-03-20 02:05:00,891 api Authenticating token: eyJhbGciOi...
DEBUG 2025-03-20 02:05:00,891 api Authentication successful for user_id: 1
INFO 2025-03-20 02:05:00,929 basehttp "POST /api/pomodoro/start HTTP/1.1" 200 176
DEBUG 2025-03-20 02:05:03,958 api Authenticating token: eyJhbGciOi...
DEBUG 2025-03-20 02:05:03,958 api Authentication successful for user_id: 1
INFO 2025-03-20 02:05:03,964 basehttp "PUT /api/pomodoro/1/complete HTTP/1.1" 200 197
DEBUG 2025-03-20 02:05:06,990 api Authenticating token: eyJhbGciOi...
DEBUG 2025-03-20 02:05:06,990 api Authentication successful for user_id: 1
INFO 2025-03-20 02:05:07,059 basehttp "GET /api/analytics/dashboard?days=30 HTTP/1.1" 200 2515
INFO 2025-03-20 02:07:49,608 autoreload D:\Code_Projects\Python\pomodoro-todolist\backend\pomodoro_api\routers\auth.py changed, reloading.
INFO 2025-03-20 02:07:50,183 autoreload Watching for file changes with StatReloader
INFO 2025-03-20 02:07:58,194 autoreload D:\Code_Projects\Python\pomodoro-todolist\backend\pomodoro_api\routers\auth.py changed, reloading.
INFO 2025-03-20 02:07:58,822 autoreload Watching for file changes with StatReloader
INFO 2025-03-20 02:08:08,852 autoreload D:\Code_Projects\Python\pomodoro-todolist\backend\pomodoro_api\routers\tasks.py changed, reloading.
INFO 2025-03-20 02:08:09,461 autoreload Watching for file changes with StatReloader
INFO 2025-03-20 02:08:36,300 autoreload Watching for file changes with StatReloader
INFO 2025-03-20 02:08:51,652 basehttp "GET /api/health-check HTTP/1.1" 200 45
DEBUG 2025-03-20 02:08:53,678 auth Register attempt for username: testuser
WARNING 2025-03-20 02:08:53,681 auth Username already exists: testuser
ERROR 2025-03-20 02:08:53,681 api Unhandled exception: unhashable type: 'dict'
Traceback (most recent call last):
  File "D:\Code_Projects\Python\pomodoro-todolist\backend\.venv\Lib\site-packages\ninja\operation.py", line 121, in run
    return self._result_to_response(request, result, temporal_response)
           ~~~~~~~~~~~~~~~~~~~~~~~~^^^^^^^^^^^^^^^^^^^^^^^^^^^^^^^^^^^^
  File "D:\Code_Projects\Python\pomodoro-todolist\backend\.venv\Lib\site-packages\ninja\operation.py", line 237, in _result_to_response
    if status in self.response_models:
       ^^^^^^^^^^^^^^^^^^^^^^^^^^^^^^
TypeError: unhashable type: 'dict'
ERROR 2025-03-20 02:08:53,682 log Internal Server Error: /api/auth/register
ERROR 2025-03-20 02:08:53,683 basehttp "POST /api/auth/register HTTP/1.1" 500 81
DEBUG 2025-03-20 02:08:55,714 auth Login attempt for username: testuser
INFO 2025-03-20 02:08:56,726 auth User logged in successfully: 1
INFO 2025-03-20 02:08:56,727 basehttp "POST /api/auth/login HTTP/1.1" 200 232
DEBUG 2025-03-20 02:09:00,774 auth Get user profile, authorization header: Bearer eyJhbGciOiJIU
DEBUG 2025-03-20 02:09:00,774 auth Looking up user with ID: 1
INFO 2025-03-20 02:09:00,777 auth User profile retrieved: 1
INFO 2025-03-20 02:09:00,777 basehttp "GET /api/auth/user HTTP/1.1" 200 148
DEBUG 2025-03-20 02:09:03,794 api Authenticating token: eyJhbGciOi...
DEBUG 2025-03-20 02:09:03,795 api Authentication successful for user_id: 1
INFO 2025-03-20 02:09:03,798 basehttp "POST /api/tasks/categories/ HTTP/1.1" 200 58
DEBUG 2025-03-20 02:09:06,837 api Authenticating token: eyJhbGciOi...
DEBUG 2025-03-20 02:09:06,837 api Authentication successful for user_id: 1
INFO 2025-03-20 02:09:06,842 basehttp "POST /api/tasks/ HTTP/1.1" 200 418
DEBUG 2025-03-20 02:09:09,858 api Authenticating token: eyJhbGciOi...
DEBUG 2025-03-20 02:09:09,859 api Authentication successful for user_id: 1
INFO 2025-03-20 02:09:09,863 basehttp "GET /api/tasks/ HTTP/1.1" 200 840
DEBUG 2025-03-20 02:09:12,896 api Authenticating token: eyJhbGciOi...
DEBUG 2025-03-20 02:09:12,896 api Authentication successful for user_id: 1
INFO 2025-03-20 02:09:12,905 basehttp "POST /api/pomodoro/start HTTP/1.1" 200 195
DEBUG 2025-03-20 02:09:15,937 api Authenticating token: eyJhbGciOi...
DEBUG 2025-03-20 02:09:15,937 api Authentication successful for user_id: 1
INFO 2025-03-20 02:09:15,942 basehttp "PUT /api/pomodoro/2/complete HTTP/1.1" 200 216
DEBUG 2025-03-20 02:09:18,966 api Authenticating token: eyJhbGciOi...
DEBUG 2025-03-20 02:09:18,966 api Authentication successful for user_id: 1
INFO 2025-03-20 02:09:19,033 basehttp "GET /api/analytics/dashboard?days=30 HTTP/1.1" 200 2515
INFO 2025-03-20 02:10:34,286 autoreload D:\Code_Projects\Python\pomodoro-todolist\backend\pomodoro_api\routers\auth.py changed, reloading.
INFO 2025-03-20 02:10:34,840 autoreload Watching for file changes with StatReloader
INFO 2025-03-20 02:10:41,841 autoreload Watching for file changes with StatReloader
INFO 2025-03-20 02:10:50,703 basehttp "GET /api/health-check HTTP/1.1" 200 45
DEBUG 2025-03-20 02:10:52,722 auth Register attempt for username: testuser
WARNING 2025-03-20 02:10:52,725 auth Username already exists: testuser
ERROR 2025-03-20 02:10:52,725 api Unhandled exception: unhashable type: 'dict'
Traceback (most recent call last):
  File "D:\Code_Projects\Python\pomodoro-todolist\backend\.venv\Lib\site-packages\ninja\operation.py", line 121, in run
    return self._result_to_response(request, result, temporal_response)
           ~~~~~~~~~~~~~~~~~~~~~~~~^^^^^^^^^^^^^^^^^^^^^^^^^^^^^^^^^^^^
  File "D:\Code_Projects\Python\pomodoro-todolist\backend\.venv\Lib\site-packages\ninja\operation.py", line 237, in _result_to_response
    if status in self.response_models:
       ^^^^^^^^^^^^^^^^^^^^^^^^^^^^^^
TypeError: unhashable type: 'dict'
ERROR 2025-03-20 02:10:52,727 log Internal Server Error: /api/auth/register
ERROR 2025-03-20 02:10:52,727 basehttp "POST /api/auth/register HTTP/1.1" 500 81
DEBUG 2025-03-20 02:10:54,756 auth Login attempt for username: testuser
INFO 2025-03-20 02:10:55,763 auth User logged in successfully: 1
INFO 2025-03-20 02:10:55,764 basehttp "POST /api/auth/login HTTP/1.1" 200 232
DEBUG 2025-03-20 02:10:59,796 auth Get user profile, authorization header: Bearer eyJhbGciOiJIU
DEBUG 2025-03-20 02:10:59,797 auth Looking up user with ID: 1
INFO 2025-03-20 02:10:59,799 auth User profile retrieved: 1
INFO 2025-03-20 02:10:59,799 basehttp "GET /api/auth/user HTTP/1.1" 200 148
DEBUG 2025-03-20 02:11:02,829 api Authenticating token: eyJhbGciOi...
DEBUG 2025-03-20 02:11:02,829 api Authentication successful for user_id: 1
INFO 2025-03-20 02:11:02,834 basehttp "POST /api/tasks/categories/ HTTP/1.1" 200 58
DEBUG 2025-03-20 02:11:05,857 api Authenticating token: eyJhbGciOi...
DEBUG 2025-03-20 02:11:05,858 api Authentication successful for user_id: 1
INFO 2025-03-20 02:11:05,863 basehttp "POST /api/tasks/ HTTP/1.1" 200 418
DEBUG 2025-03-20 02:11:08,888 api Authenticating token: eyJhbGciOi...
DEBUG 2025-03-20 02:11:08,888 api Authentication successful for user_id: 1
INFO 2025-03-20 02:11:08,893 basehttp "GET /api/tasks/ HTTP/1.1" 200 1260
DEBUG 2025-03-20 02:11:11,922 api Authenticating token: eyJhbGciOi...
DEBUG 2025-03-20 02:11:11,922 api Authentication successful for user_id: 1
INFO 2025-03-20 02:11:11,932 basehttp "POST /api/pomodoro/start HTTP/1.1" 200 195
DEBUG 2025-03-20 02:11:14,970 api Authenticating token: eyJhbGciOi...
DEBUG 2025-03-20 02:11:14,971 api Authentication successful for user_id: 1
INFO 2025-03-20 02:11:14,976 basehttp "PUT /api/pomodoro/3/complete HTTP/1.1" 200 216
DEBUG 2025-03-20 02:11:17,995 api Authenticating token: eyJhbGciOi...
DEBUG 2025-03-20 02:11:17,995 api Authentication successful for user_id: 1
INFO 2025-03-20 02:11:18,062 basehttp "GET /api/analytics/dashboard?days=30 HTTP/1.1" 200 2515
INFO 2025-03-20 02:13:38,619 autoreload D:\Code_Projects\Python\pomodoro-todolist\backend\pomodoro_api\routers\auth.py changed, reloading.
INFO 2025-03-20 02:13:39,193 autoreload Watching for file changes with StatReloader
INFO 2025-03-20 02:14:37,531 autoreload D:\Code_Projects\Python\pomodoro-todolist\backend\pomodoro_api\routers\pomodoro.py changed, reloading.
INFO 2025-03-20 02:14:38,076 autoreload Watching for file changes with StatReloader
INFO 2025-03-20 02:14:42,752 autoreload Watching for file changes with StatReloader
INFO 2025-03-20 02:15:22,330 basehttp "GET /api/health-check HTTP/1.1" 200 45
DEBUG 2025-03-20 02:15:24,357 auth Register attempt for username: testuser
WARNING 2025-03-20 02:15:24,359 auth Username already exists: testuser
WARNING 2025-03-20 02:15:24,360 log Bad Request: /api/auth/register
WARNING 2025-03-20 02:15:24,360 basehttp "POST /api/auth/register HTTP/1.1" 400 62
DEBUG 2025-03-20 02:15:26,376 auth Login attempt for username: testuser
INFO 2025-03-20 02:15:27,357 auth User logged in successfully: 1
INFO 2025-03-20 02:15:27,358 basehttp "POST /api/auth/login HTTP/1.1" 200 232
DEBUG 2025-03-20 02:15:31,380 auth Get user profile, authorization header: Bearer eyJhbGciOiJIU
DEBUG 2025-03-20 02:15:31,380 auth Looking up user with ID: 1
INFO 2025-03-20 02:15:31,383 auth User profile retrieved: 1
INFO 2025-03-20 02:15:31,384 basehttp "GET /api/auth/user HTTP/1.1" 200 148
DEBUG 2025-03-20 02:15:34,413 api Authenticating token: eyJhbGciOi...
DEBUG 2025-03-20 02:15:34,413 api Authentication successful for user_id: 1
INFO 2025-03-20 02:15:34,417 basehttp "POST /api/tasks/categories/ HTTP/1.1" 200 58
DEBUG 2025-03-20 02:15:37,437 api Authenticating token: eyJhbGciOi...
DEBUG 2025-03-20 02:15:37,437 api Authentication successful for user_id: 1
INFO 2025-03-20 02:15:37,442 basehttp "POST /api/tasks/ HTTP/1.1" 200 418
DEBUG 2025-03-20 02:15:40,467 api Authenticating token: eyJhbGciOi...
DEBUG 2025-03-20 02:15:40,468 api Authentication successful for user_id: 1
INFO 2025-03-20 02:15:40,479 basehttp "GET /api/tasks/ HTTP/1.1" 200 1680
DEBUG 2025-03-20 02:15:43,512 api Authenticating token: eyJhbGciOi...
DEBUG 2025-03-20 02:15:43,512 api Authentication successful for user_id: 1
DEBUG 2025-03-20 02:15:43,513 pomodoro Start pomodoro session, task_id: 4, type: work
INFO 2025-03-20 02:15:43,517 basehttp "POST /api/pomodoro/start HTTP/1.1" 200 196
DEBUG 2025-03-20 02:15:46,549 api Authenticating token: eyJhbGciOi...
DEBUG 2025-03-20 02:15:46,550 api Authentication successful for user_id: 1
DEBUG 2025-03-20 02:15:46,550 pomodoro Complete pomodoro session: 4
INFO 2025-03-20 02:15:46,564 basehttp "PUT /api/pomodoro/4/complete HTTP/1.1" 200 222
DEBUG 2025-03-20 02:15:49,598 api Authenticating token: eyJhbGciOi...
DEBUG 2025-03-20 02:15:49,598 api Authentication successful for user_id: 1
INFO 2025-03-20 02:15:49,689 basehttp "GET /api/analytics/dashboard?days=30 HTTP/1.1" 200 2515
DEBUG 2025-03-20 02:39:32,525 api Authenticating token: eyJhbGciOi...
DEBUG 2025-03-20 02:39:32,525 api Authentication successful for user_id: 1
DEBUG 2025-03-20 02:39:44,873 api Authenticating token: eyJhbGciOi...
DEBUG 2025-03-20 02:39:44,874 api Authentication successful for user_id: 1
DEBUG 2025-03-20 02:40:54,200 api Authenticating token: eyJhbGciOi...
DEBUG 2025-03-20 02:40:54,201 api Authentication successful for user_id: 1
DEBUG 2025-03-20 02:46:01,506 api Authenticating token: eyJhbGciOi...
DEBUG 2025-03-20 02:46:01,506 api Authentication successful for user_id: 1
DEBUG 2025-03-20 02:46:02,539 api Authenticating token: eyJhbGciOi...
DEBUG 2025-03-20 02:46:02,539 api Authentication successful for user_id: 2
DEBUG 2025-03-20 02:46:03,562 api Authenticating token: eyJhbGciOi...
DEBUG 2025-03-20 02:46:03,563 api Authentication successful for user_id: 3
DEBUG 2025-03-20 02:46:04,585 api Authenticating token: eyJhbGciOi...
DEBUG 2025-03-20 02:46:04,585 api Authentication successful for user_id: 4
DEBUG 2025-03-20 02:46:05,613 api Authenticating token: eyJhbGciOi...
DEBUG 2025-03-20 02:46:05,614 api Authentication successful for user_id: 5
DEBUG 2025-03-20 02:46:06,624 api Authenticating token: eyJhbGciOi...
DEBUG 2025-03-20 02:46:06,624 api Authentication successful for user_id: 6
INFO 2025-03-23 22:16:14,853 autoreload Watching for file changes with StatReloader
WARNING 2025-03-23 22:16:18,012 log Not Found: /
WARNING 2025-03-23 22:16:18,012 basehttp "GET / HTTP/1.1" 404 2310
WARNING 2025-03-23 22:16:18,336 log Not Found: /favicon.ico
WARNING 2025-03-23 22:16:18,336 basehttp "GET /favicon.ico HTTP/1.1" 404 2361
INFO 2025-03-23 22:16:21,350 basehttp "GET /api/docs HTTP/1.1" 200 994
INFO 2025-03-23 22:16:21,677 basehttp "GET /api/openapi.json HTTP/1.1" 200 31380
INFO 2025-03-23 22:16:27,084 basehttp "GET /api/openapi.json HTTP/1.1" 200 31380
INFO 2025-03-23 22:18:48,375 basehttp "GET /api/openapi.json HTTP/1.1" 200 31380
INFO 2025-03-23 22:19:15,891 basehttp "GET /api/openapi.json HTTP/1.1" 200 31380
INFO 2025-03-23 23:59:06,283 autoreload Watching for file changes with StatReloader
INFO 2025-03-23 23:59:17,946 autoreload Watching for file changes with StatReloader
INFO 2025-03-24 00:11:41,392 autoreload D:\Code_Projects\Python\pomodoro-todolist\backend\pomodoro_api\urls.py changed, reloading.
INFO 2025-03-24 00:11:42,433 autoreload Watching for file changes with StatReloader
INFO 2025-03-24 00:19:06,282 autoreload Watching for file changes with StatReloader
INFO 2025-03-24 00:19:17,434 autoreload Watching for file changes with StatReloader
INFO 2025-03-24 00:24:22,331 basehttp "GET /api/docs HTTP/1.1" 200 994
INFO 2025-03-24 00:24:23,160 basehttp "GET /api/openapi.json HTTP/1.1" 200 31380
INFO 2025-03-24 00:24:28,397 basehttp "GET /api/health-check HTTP/1.1" 200 45
INFO 2025-03-24 00:24:42,681 basehttp "GET /api/debug HTTP/1.1" 200 948
DEBUG 2025-03-24 00:24:57,722 auth Register attempt for username: string
WARNING 2025-03-24 00:24:57,744 auth Password validation failed: 此密碼過短。請至少使用 8 個字元。
WARNING 2025-03-24 00:24:57,744 log Bad Request: /api/auth/register
WARNING 2025-03-24 00:24:57,745 basehttp "POST /api/auth/register HTTP/1.1" 400 107
INFO 2025-03-24 00:33:43,793 basehttp "GET /api/docs HTTP/1.1" 200 994
INFO 2025-03-24 00:33:44,085 basehttp "GET /api/openapi.json HTTP/1.1" 200 31380
INFO 2025-03-27 00:47:50,989 autoreload Watching for file changes with StatReloader
INFO 2025-03-27 00:48:01,765 autoreload Watching for file changes with StatReloader
INFO 2025-03-27 00:48:12,609 basehttp "OPTIONS /api/auth/register HTTP/1.1" 200 0
DEBUG 2025-03-27 00:48:12,618 auth Register attempt for username: ckijficqstrvy
INFO 2025-03-27 00:48:13,677 auth User registered successfully: 2
INFO 2025-03-27 00:48:13,678 basehttp "POST /api/auth/register HTTP/1.1" 200 246
INFO 2025-03-27 00:48:14,202 basehttp "OPTIONS /api/tasks/?status=in_progress HTTP/1.1" 200 0
DEBUG 2025-03-27 00:48:14,210 api Authenticating token: eyJhbGciOi...
DEBUG 2025-03-27 00:48:14,216 api Authentication successful for user_id: 2
INFO 2025-03-27 00:48:14,223 basehttp "GET /api/tasks/?status=in_progress HTTP/1.1" 200 2
INFO 2025-03-27 00:48:14,413 basehttp "OPTIONS /api/auth/user HTTP/1.1" 200 0
DEBUG 2025-03-27 00:48:14,418 auth Get user profile, authorization header: Bearer eyJhbGciOiJIU
DEBUG 2025-03-27 00:48:14,419 auth Looking up user with ID: 2
INFO 2025-03-27 00:48:14,434 auth User profile retrieved: 2
INFO 2025-03-27 00:48:14,441 basehttp "GET /api/auth/user HTTP/1.1" 200 158
INFO 2025-03-27 00:48:14,458 basehttp "OPTIONS /api/auth/settings HTTP/1.1" 200 0
DEBUG 2025-03-27 00:48:14,463 auth Get user settings, authorization header: Bearer eyJhbGciOiJIU
INFO 2025-03-27 00:48:14,480 auth User settings retrieved: 2
INFO 2025-03-27 00:48:14,481 basehttp "GET /api/auth/settings HTTP/1.1" 200 137
DEBUG 2025-03-27 00:48:14,508 api Authenticating token: eyJhbGciOi...
DEBUG 2025-03-27 00:48:14,509 api Authentication successful for user_id: 2
INFO 2025-03-27 00:48:14,514 basehttp "GET /api/tasks/?status=in_progress HTTP/1.1" 200 2
DEBUG 2025-03-27 00:48:45,536 api Authenticating token: eyJhbGciOi...
DEBUG 2025-03-27 00:48:45,536 api Authentication successful for user_id: 2
INFO 2025-03-27 00:48:45,541 basehttp "GET /api/tasks/?status=in_progress HTTP/1.1" 200 2
DEBUG 2025-03-27 00:48:47,427 api Authenticating token: eyJhbGciOi...
DEBUG 2025-03-27 00:48:47,428 api Authentication successful for user_id: 2
INFO 2025-03-27 00:48:47,430 basehttp "OPTIONS /api/pomodoro/history?days=7 HTTP/1.1" 200 0
INFO 2025-03-27 00:48:47,432 basehttp "GET /api/tasks/?status=in_progress HTTP/1.1" 200 2
DEBUG 2025-03-27 00:48:47,434 api Authenticating token: eyJhbGciOi...
DEBUG 2025-03-27 00:48:47,435 api Authentication successful for user_id: 2
DEBUG 2025-03-27 00:48:47,435 pomodoro Get pomodoro history, days: 7, task_id: None
INFO 2025-03-27 00:48:47,442 basehttp "GET /api/pomodoro/history?days=7 HTTP/1.1" 200 2
DEBUG 2025-03-27 00:48:50,644 api Authenticating token: eyJhbGciOi...
DEBUG 2025-03-27 00:48:50,644 api Authentication successful for user_id: 2
INFO 2025-03-27 00:48:50,648 basehttp "GET /api/tasks/?status=in_progress HTTP/1.1" 200 2
INFO 2025-03-27 00:48:51,814 basehttp "OPTIONS /api/analytics/date-range HTTP/1.1" 200 0
DEBUG 2025-03-27 00:48:51,818 api Authenticating token: eyJhbGciOi...
DEBUG 2025-03-27 00:48:51,819 api Authentication successful for user_id: 2
INFO 2025-03-27 00:48:51,874 basehttp "POST /api/analytics/date-range HTTP/1.1" 200 931
DEBUG 2025-03-27 00:48:53,997 api Authenticating token: eyJhbGciOi...
DEBUG 2025-03-27 00:48:53,997 api Authentication successful for user_id: 2
INFO 2025-03-27 00:48:54,001 basehttp "GET /api/tasks/?status=in_progress HTTP/1.1" 200 2
DEBUG 2025-03-27 00:48:55,482 api Authenticating token: eyJhbGciOi...
DEBUG 2025-03-27 00:48:55,483 api Authentication successful for user_id: 2
INFO 2025-03-27 00:48:55,513 basehttp "POST /api/analytics/date-range HTTP/1.1" 200 931
DEBUG 2025-03-27 00:48:57,978 api Authenticating token: eyJhbGciOi...
DEBUG 2025-03-27 00:48:57,978 api Authentication successful for user_id: 2
INFO 2025-03-27 00:48:57,982 basehttp "GET /api/tasks/?status=in_progress HTTP/1.1" 200 2
DEBUG 2025-03-27 00:49:02,549 api Authenticating token: eyJhbGciOi...
DEBUG 2025-03-27 00:49:02,549 api Authentication successful for user_id: 2
DEBUG 2025-03-27 00:49:02,550 api Authenticating token: eyJhbGciOi...
DEBUG 2025-03-27 00:49:02,551 api Authentication successful for user_id: 2
DEBUG 2025-03-27 00:49:02,552 pomodoro Get pomodoro history, days: 7, task_id: None
INFO 2025-03-27 00:49:02,555 basehttp "GET /api/tasks/?status=in_progress HTTP/1.1" 200 2
INFO 2025-03-27 00:49:02,556 basehttp "GET /api/pomodoro/history?days=7 HTTP/1.1" 200 2
DEBUG 2025-03-27 00:49:03,117 api Authenticating token: eyJhbGciOi...
DEBUG 2025-03-27 00:49:03,117 api Authentication successful for user_id: 2
INFO 2025-03-27 00:49:03,149 basehttp "POST /api/analytics/date-range HTTP/1.1" 200 931
DEBUG 2025-03-27 00:49:03,749 api Authenticating token: eyJhbGciOi...
DEBUG 2025-03-27 00:49:03,750 api Authentication successful for user_id: 2
INFO 2025-03-27 00:49:03,754 basehttp "GET /api/tasks/?status=in_progress HTTP/1.1" 200 2
DEBUG 2025-03-27 00:49:03,755 api Authenticating token: eyJhbGciOi...
DEBUG 2025-03-27 00:49:03,755 api Authentication successful for user_id: 2
DEBUG 2025-03-27 00:49:03,756 pomodoro Get pomodoro history, days: 7, task_id: None
INFO 2025-03-27 00:49:03,760 basehttp "GET /api/pomodoro/history?days=7 HTTP/1.1" 200 2
DEBUG 2025-03-27 00:49:10,744 api Authenticating token: eyJhbGciOi...
DEBUG 2025-03-27 00:49:10,745 api Authentication successful for user_id: 2
INFO 2025-03-27 00:49:10,749 basehttp "GET /api/tasks/?status=in_progress HTTP/1.1" 200 2
DEBUG 2025-03-27 00:49:12,500 api Authenticating token: eyJhbGciOi...
DEBUG 2025-03-27 00:49:12,501 api Authentication successful for user_id: 2
DEBUG 2025-03-27 00:49:12,501 api Authenticating token: eyJhbGciOi...
DEBUG 2025-03-27 00:49:12,503 api Authentication successful for user_id: 2
DEBUG 2025-03-27 00:49:12,503 pomodoro Get pomodoro history, days: 7, task_id: None
INFO 2025-03-27 00:49:12,506 basehttp "GET /api/tasks/?status=in_progress HTTP/1.1" 200 2
INFO 2025-03-27 00:49:12,506 basehttp "GET /api/pomodoro/history?days=7 HTTP/1.1" 200 2
DEBUG 2025-03-27 00:49:13,325 api Authenticating token: eyJhbGciOi...
DEBUG 2025-03-27 00:49:13,326 api Authentication successful for user_id: 2
INFO 2025-03-27 00:49:13,330 basehttp "GET /api/tasks/?status=in_progress HTTP/1.1" 200 2
DEBUG 2025-03-27 00:50:08,762 api Authenticating token: eyJhbGciOi...
DEBUG 2025-03-27 00:50:08,762 api Authentication successful for user_id: 2
DEBUG 2025-03-27 00:50:08,763 api Authenticating token: eyJhbGciOi...
DEBUG 2025-03-27 00:50:08,765 api Authentication successful for user_id: 2
DEBUG 2025-03-27 00:50:08,765 pomodoro Get pomodoro history, days: 7, task_id: None
INFO 2025-03-27 00:50:08,768 basehttp "GET /api/pomodoro/history?days=7 HTTP/1.1" 200 2
INFO 2025-03-27 00:50:08,770 basehttp "GET /api/tasks/?status=in_progress HTTP/1.1" 200 2
INFO 2025-03-27 00:50:09,961 basehttp "OPTIONS /api/pomodoro/start HTTP/1.1" 200 0
DEBUG 2025-03-27 00:50:09,963 api Authenticating token: eyJhbGciOi...
DEBUG 2025-03-27 00:50:09,963 api Authentication successful for user_id: 2
DEBUG 2025-03-27 00:50:09,965 pomodoro Start pomodoro session, task_id: None, type: work
INFO 2025-03-27 00:50:09,973 basehttp "POST /api/pomodoro/start HTTP/1.1" 200 177
DEBUG 2025-03-27 00:54:17,913 auth Get user profile, authorization header: Bearer eyJhbGciOiJIU
DEBUG 2025-03-27 00:54:17,914 auth Looking up user with ID: 2
INFO 2025-03-27 00:54:17,919 auth User profile retrieved: 2
INFO 2025-03-27 00:54:17,920 basehttp "GET /api/auth/user HTTP/1.1" 200 158
DEBUG 2025-03-27 00:54:17,983 auth Get user settings, authorization header: Bearer eyJhbGciOiJIU
INFO 2025-03-27 00:54:17,989 auth User settings retrieved: 2
INFO 2025-03-27 00:54:17,990 basehttp "GET /api/auth/settings HTTP/1.1" 200 137
DEBUG 2025-03-27 00:54:18,093 api Authenticating token: eyJhbGciOi...
DEBUG 2025-03-27 00:54:18,096 api Authentication successful for user_id: 2
INFO 2025-03-27 00:54:18,100 basehttp "GET /api/tasks/?status=in_progress HTTP/1.1" 200 2
INFO 2025-03-27 00:54:20,724 basehttp "OPTIONS /api/tasks/ HTTP/1.1" 200 0
DEBUG 2025-03-27 00:54:20,726 api Authenticating token: eyJhbGciOi...
DEBUG 2025-03-27 00:54:20,726 api Authentication successful for user_id: 2
INFO 2025-03-27 00:54:20,729 basehttp "GET /api/tasks/ HTTP/1.1" 200 2
INFO 2025-03-27 00:54:20,734 basehttp "OPTIONS /api/tasks/categories/ HTTP/1.1" 200 0
INFO 2025-03-27 00:54:20,735 basehttp "OPTIONS /api/tasks/tags/ HTTP/1.1" 200 0
DEBUG 2025-03-27 00:54:20,736 api Authenticating token: eyJhbGciOi...
DEBUG 2025-03-27 00:54:20,736 api Authentication successful for user_id: 2
DEBUG 2025-03-27 00:54:20,737 api Authenticating token: eyJhbGciOi...
DEBUG 2025-03-27 00:54:20,738 api Authentication successful for user_id: 2
INFO 2025-03-27 00:54:20,741 basehttp "GET /api/tasks/categories/ HTTP/1.1" 200 2
INFO 2025-03-27 00:54:20,742 basehttp "GET /api/tasks/tags/ HTTP/1.1" 200 2
DEBUG 2025-03-27 00:54:39,904 api Authenticating token: eyJhbGciOi...
DEBUG 2025-03-27 00:54:39,905 api Authentication successful for user_id: 2
DEBUG 2025-03-27 00:54:39,906 api Authenticating token: eyJhbGciOi...
DEBUG 2025-03-27 00:54:39,907 api Authentication successful for user_id: 2
DEBUG 2025-03-27 00:54:39,907 pomodoro Get pomodoro history, days: 7, task_id: None
INFO 2025-03-27 00:54:39,909 basehttp "GET /api/tasks/?status=in_progress HTTP/1.1" 200 2
INFO 2025-03-27 00:54:39,912 basehttp "GET /api/pomodoro/history?days=7 HTTP/1.1" 200 179
DEBUG 2025-03-27 00:54:40,502 api Authenticating token: eyJhbGciOi...
DEBUG 2025-03-27 00:54:40,503 api Authentication successful for user_id: 2
INFO 2025-03-27 00:54:40,538 basehttp "POST /api/analytics/date-range HTTP/1.1" 200 931
DEBUG 2025-03-27 00:54:49,322 api Authenticating token: eyJhbGciOi...
DEBUG 2025-03-27 00:54:49,323 api Authenticating token: eyJhbGciOi...
DEBUG 2025-03-27 00:54:49,323 api Authentication successful for user_id: 2
DEBUG 2025-03-27 00:54:49,323 api Authentication successful for user_id: 2
DEBUG 2025-03-27 00:54:49,325 pomodoro Get pomodoro history, days: 7, task_id: None
INFO 2025-03-27 00:54:49,328 basehttp "GET /api/tasks/?status=in_progress HTTP/1.1" 200 2
INFO 2025-03-27 00:54:49,329 basehttp "GET /api/pomodoro/history?days=7 HTTP/1.1" 200 179
DEBUG 2025-03-27 00:54:49,757 api Authenticating token: eyJhbGciOi...
DEBUG 2025-03-27 00:54:49,757 api Authentication successful for user_id: 2
INFO 2025-03-27 00:54:49,761 basehttp "GET /api/tasks/ HTTP/1.1" 200 2
DEBUG 2025-03-27 00:54:49,768 api Authenticating token: eyJhbGciOi...
DEBUG 2025-03-27 00:54:49,769 api Authenticating token: eyJhbGciOi...
DEBUG 2025-03-27 00:54:49,769 api Authentication successful for user_id: 2
DEBUG 2025-03-27 00:54:49,769 api Authentication successful for user_id: 2
INFO 2025-03-27 00:54:49,772 basehttp "GET /api/tasks/categories/ HTTP/1.1" 200 2
INFO 2025-03-27 00:54:49,773 basehttp "GET /api/tasks/tags/ HTTP/1.1" 200 2
DEBUG 2025-03-27 00:54:50,257 api Authenticating token: eyJhbGciOi...
DEBUG 2025-03-27 00:54:50,258 api Authentication successful for user_id: 2
INFO 2025-03-27 00:54:50,263 basehttp "GET /api/tasks/?status=in_progress HTTP/1.1" 200 2
DEBUG 2025-03-27 00:54:50,785 api Authenticating token: eyJhbGciOi...
DEBUG 2025-03-27 00:54:50,785 api Authentication successful for user_id: 2
INFO 2025-03-27 00:54:50,788 basehttp "GET /api/tasks/ HTTP/1.1" 200 2
DEBUG 2025-03-27 00:54:50,796 api Authenticating token: eyJhbGciOi...
DEBUG 2025-03-27 00:54:50,796 api Authenticating token: eyJhbGciOi...
DEBUG 2025-03-27 00:54:50,797 api Authentication successful for user_id: 2
DEBUG 2025-03-27 00:54:50,797 api Authentication successful for user_id: 2
INFO 2025-03-27 00:54:50,800 basehttp "GET /api/tasks/categories/ HTTP/1.1" 200 2
INFO 2025-03-27 00:54:50,801 basehttp "GET /api/tasks/tags/ HTTP/1.1" 200 2
DEBUG 2025-03-27 00:54:51,383 api Authenticating token: eyJhbGciOi...
DEBUG 2025-03-27 00:54:51,384 api Authentication successful for user_id: 2
DEBUG 2025-03-27 00:54:51,388 api Authenticating token: eyJhbGciOi...
INFO 2025-03-27 00:54:51,389 basehttp "GET /api/tasks/?status=in_progress HTTP/1.1" 200 2
DEBUG 2025-03-27 00:54:51,389 api Authentication successful for user_id: 2
DEBUG 2025-03-27 00:54:51,390 pomodoro Get pomodoro history, days: 7, task_id: None
INFO 2025-03-27 00:54:51,396 basehttp "GET /api/pomodoro/history?days=7 HTTP/1.1" 200 179
DEBUG 2025-03-27 00:54:51,706 api Authenticating token: eyJhbGciOi...
DEBUG 2025-03-27 00:54:51,707 api Authentication successful for user_id: 2
INFO 2025-03-27 00:54:51,737 basehttp "POST /api/analytics/date-range HTTP/1.1" 200 931
DEBUG 2025-03-27 00:54:52,634 api Authenticating token: eyJhbGciOi...
DEBUG 2025-03-27 00:54:52,634 api Authentication successful for user_id: 2
INFO 2025-03-27 00:54:52,639 basehttp "GET /api/tasks/?status=in_progress HTTP/1.1" 200 2
DEBUG 2025-03-27 00:54:55,936 api Authenticating token: eyJhbGciOi...
DEBUG 2025-03-27 00:54:55,937 api Authentication successful for user_id: 2
INFO 2025-03-27 00:54:55,942 basehttp "GET /api/tasks/ HTTP/1.1" 200 2
DEBUG 2025-03-27 00:54:55,952 api Authenticating token: eyJhbGciOi...
DEBUG 2025-03-27 00:54:55,952 api Authenticating token: eyJhbGciOi...
DEBUG 2025-03-27 00:54:55,953 api Authentication successful for user_id: 2
DEBUG 2025-03-27 00:54:55,953 api Authentication successful for user_id: 2
INFO 2025-03-27 00:54:55,956 basehttp "GET /api/tasks/tags/ HTTP/1.1" 200 2
INFO 2025-03-27 00:54:55,957 basehttp "GET /api/tasks/categories/ HTTP/1.1" 200 2
DEBUG 2025-03-27 00:54:56,440 api Authenticating token: eyJhbGciOi...
DEBUG 2025-03-27 00:54:56,441 api Authentication successful for user_id: 2
INFO 2025-03-27 00:54:56,445 basehttp "GET /api/tasks/?status=in_progress HTTP/1.1" 200 2
DEBUG 2025-03-27 00:54:58,268 api Authenticating token: eyJhbGciOi...
DEBUG 2025-03-27 00:54:58,269 api Authentication successful for user_id: 2
INFO 2025-03-27 00:54:58,273 basehttp "GET /api/tasks/ HTTP/1.1" 200 2
DEBUG 2025-03-27 00:54:58,283 api Authenticating token: eyJhbGciOi...
DEBUG 2025-03-27 00:54:58,284 api Authenticating token: eyJhbGciOi...
DEBUG 2025-03-27 00:54:58,284 api Authentication successful for user_id: 2
DEBUG 2025-03-27 00:54:58,284 api Authentication successful for user_id: 2
INFO 2025-03-27 00:54:58,287 basehttp "GET /api/tasks/categories/ HTTP/1.1" 200 2
INFO 2025-03-27 00:54:58,287 basehttp "GET /api/tasks/tags/ HTTP/1.1" 200 2
DEBUG 2025-03-27 00:54:58,702 api Authenticating token: eyJhbGciOi...
DEBUG 2025-03-27 00:54:58,702 api Authentication successful for user_id: 2
INFO 2025-03-27 00:54:58,736 basehttp "POST /api/analytics/date-range HTTP/1.1" 200 931
DEBUG 2025-03-27 00:56:00,657 api Authenticating token: eyJhbGciOi...
DEBUG 2025-03-27 00:56:00,658 api Authentication successful for user_id: 2
INFO 2025-03-27 00:56:00,723 basehttp "POST /api/analytics/date-range HTTP/1.1" 200 2443
INFO 2025-03-27 00:56:01,364 basehttp "OPTIONS /api/analytics/dashboard?days=365 HTTP/1.1" 200 0
DEBUG 2025-03-27 00:56:01,365 api Authenticating token: eyJhbGciOi...
DEBUG 2025-03-27 00:56:01,366 api Authentication successful for user_id: 2
INFO 2025-03-27 00:56:02,046 basehttp "GET /api/analytics/dashboard?days=365 HTTP/1.1" 200 26635
INFO 2025-03-27 00:56:03,148 basehttp "OPTIONS /api/analytics/dashboard?days=1 HTTP/1.1" 200 0
DEBUG 2025-03-27 00:56:03,150 api Authenticating token: eyJhbGciOi...
DEBUG 2025-03-27 00:56:03,150 api Authentication successful for user_id: 2
INFO 2025-03-27 00:56:03,162 basehttp "GET /api/analytics/dashboard?days=1 HTTP/1.1" 200 427
DEBUG 2025-03-27 00:56:04,302 api Authenticating token: eyJhbGciOi...
DEBUG 2025-03-27 00:56:04,303 api Authentication successful for user_id: 2
INFO 2025-03-27 00:56:04,328 basehttp "POST /api/analytics/date-range HTTP/1.1" 200 931
DEBUG 2025-03-27 00:56:04,999 api Authenticating token: eyJhbGciOi...
DEBUG 2025-03-27 00:56:05,000 api Authentication successful for user_id: 2
INFO 2025-03-27 00:56:05,064 basehttp "POST /api/analytics/date-range HTTP/1.1" 200 2443
DEBUG 2025-03-27 00:56:05,442 api Authenticating token: eyJhbGciOi...
DEBUG 2025-03-27 00:56:05,443 api Authentication successful for user_id: 2
INFO 2025-03-27 00:56:06,132 basehttp "GET /api/analytics/dashboard?days=365 HTTP/1.1" 200 26635
DEBUG 2025-03-27 00:56:06,891 api Authenticating token: eyJhbGciOi...
DEBUG 2025-03-27 00:56:06,892 api Authentication successful for user_id: 2
INFO 2025-03-27 00:56:06,904 basehttp "GET /api/analytics/dashboard?days=1 HTTP/1.1" 200 427
DEBUG 2025-03-27 00:59:24,254 auth Get user profile, authorization header: Bearer eyJhbGciOiJIU
DEBUG 2025-03-27 00:59:24,255 auth Looking up user with ID: 2
INFO 2025-03-27 00:59:24,258 auth User profile retrieved: 2
INFO 2025-03-27 00:59:24,258 basehttp "GET /api/auth/user HTTP/1.1" 200 158
DEBUG 2025-03-27 00:59:24,333 auth Get user settings, authorization header: Bearer eyJhbGciOiJIU
INFO 2025-03-27 00:59:24,337 auth User settings retrieved: 2
INFO 2025-03-27 00:59:24,338 basehttp "GET /api/auth/settings HTTP/1.1" 200 137
DEBUG 2025-03-27 00:59:24,430 api Authenticating token: eyJhbGciOi...
DEBUG 2025-03-27 00:59:24,433 api Authenticating token: eyJhbGciOi...
DEBUG 2025-03-27 00:59:24,433 api Authentication successful for user_id: 2
DEBUG 2025-03-27 00:59:24,433 api Authentication successful for user_id: 2
DEBUG 2025-03-27 00:59:24,435 pomodoro Get pomodoro history, days: 7, task_id: None
INFO 2025-03-27 00:59:24,440 basehttp "GET /api/tasks/?status=in_progress HTTP/1.1" 200 2
INFO 2025-03-27 00:59:24,443 basehttp "GET /api/pomodoro/history?days=7 HTTP/1.1" 200 179
